easy-predict --threads 112 /home/zoo/zool2474/guy/blasto_pb/final/busco/Blastocladiella_emersonii_ATCC_22665.scaffolds.fa /home/zoo/zool2474/guy/blasto_pb/final/busco/blem22_fun_meta/run_fungi_odb10/metaeuk_output/refseq_db_rerun.faa /home/zoo/zool2474/guy/blasto_pb/final/busco/blem22_fun_meta/run_fungi_odb10/metaeuk_output/rerun_results/Blastocladiella_emersonii_ATCC_22665.scaffolds.fa /home/zoo/zool2474/guy/blasto_pb/final/busco/blem22_fun_meta/run_fungi_odb10/metaeuk_output/tmp --max-intron 60000 --max-seq-len 70000 --min-exon-aa 5 --max-overlap 5 --min-intron 1 --overlap 1 -s 6 

MMseqs Version:                                             	4.a0f584d
Substitution matrix                                         	nucl:nucleotide.out,aa:blosum62.out
Add backtrace                                               	false
Alignment mode                                              	2
Allow wrapped scoring                                       	false
E-value threshold                                           	100
Seq. id. threshold                                          	0
Min alignment length                                        	0
Seq. id. mode                                               	0
Alternative alignments                                      	0
Coverage threshold                                          	0
Coverage mode                                               	0
Max sequence length                                         	70000
Compositional bias                                          	1
Max reject                                                  	2147483647
Max accept                                                  	2147483647
Include identical seq. id.                                  	false
Preload mode                                                	0
Pseudo count a                                              	1
Pseudo count b                                              	1.5
Score bias                                                  	0
Realign hits                                                	false
Realign score bias                                          	-0.2
Realign max seqs                                            	2147483647
Gap open cost                                               	nucl:5,aa:11
Gap extension cost                                          	nucl:2,aa:1
Zdrop                                                       	40
Threads                                                     	112
Compressed                                                  	0
Verbosity                                                   	3
Seed substitution matrix                                    	nucl:nucleotide.out,aa:VTML80.out
Sensitivity                                                 	6
k-mer length                                                	0
k-score                                                     	2147483647
Alphabet size                                               	nucl:5,aa:21
Max results per query                                       	300
Split database                                              	0
Split mode                                                  	2
Split memory limit                                          	0
Diagonal scoring                                            	true
Exact k-mer matching                                        	0
Mask residues                                               	1
Mask lower case residues                                    	0
Minimum diagonal score                                      	15
Spaced k-mers                                               	1
Spaced k-mer pattern                                        	
Local temporary path                                        	
Rescore mode                                                	0
Remove hits by seq. id. and coverage                        	false
Sort results                                                	0
Mask profile                                                	1
Profile E-value threshold                                   	0.001
Global sequence weighting                                   	false
Allow deletions                                             	false
Filter MSA                                                  	1
Maximum seq. id. threshold                                  	0.9
Minimum seq. id.                                            	0
Minimum score per column                                    	-20
Minimum coverage                                            	0
Select N most diverse seqs                                  	1000
Min codons in orf                                           	15
Max codons in length                                        	32734
Max orf gaps                                                	2147483647
Contig start mode                                           	2
Contig end mode                                             	2
Orf start mode                                              	1
Forward frames                                              	1,2,3
Reverse frames                                              	1,2,3
Translation table                                           	1
Translate orf                                               	0
Use all table starts                                        	false
Offset of numeric ids                                       	0
Create lookup                                               	0
Add orf stop                                                	false
Chain overlapping alignments                                	0
Merge query                                                 	1
Search type                                                 	0
Search iterations                                           	1
Start sensitivity                                           	4
Search steps                                                	1
Slice search mode                                           	false
Strand selection                                            	1
LCA search mode                                             	false
Disk space limit                                            	0
MPI runner                                                  	
Force restart with latest tmp                               	false
Remove temporary files                                      	false
maximal combined evalue of an optimal set                   	0.001
minimal length ratio between combined optimal set and target	0.5
Maximal intron length                                       	60000
Minimal intron length                                       	1
Minimal exon length aa                                      	5
Maximal overlap of exons                                    	5
Gap open penalty                                            	-1
Gap extend penalty                                          	-1
allow same-strand overlaps                                  	1
translate codons to AAs                                     	0
write target key instead of accession                       	0
Reverse AA Fragments                                        	0

createdb /home/zoo/zool2474/guy/blasto_pb/final/busco/Blastocladiella_emersonii_ATCC_22665.scaffolds.fa /home/zoo/zool2474/guy/blasto_pb/final/busco/blem22_fun_meta/run_fungi_odb10/metaeuk_output/tmp/17775303010509190798/contigs --dbtype 2 --compressed 0 -v 3 

Converting sequences
[
Time for merging to contigs_h: 0h 0m 0s 1ms
Time for merging to contigs: 0h 0m 0s 68ms
Database type: Nucleotide
Time for processing: 0h 0m 0s 442ms
createdb /home/zoo/zool2474/guy/blasto_pb/final/busco/blem22_fun_meta/run_fungi_odb10/metaeuk_output/refseq_db_rerun.faa /home/zoo/zool2474/guy/blasto_pb/final/busco/blem22_fun_meta/run_fungi_odb10/metaeuk_output/tmp/17775303010509190798/targets --dbtype 1 --compressed 0 -v 3 

Converting sequences
[
Time for merging to targets_h: 0h 0m 0s 2ms
Time for merging to targets: 0h 0m 0s 4ms
Database type: Aminoacid
Time for processing: 0h 0m 0s 23ms
Tmp /home/zoo/zool2474/guy/blasto_pb/final/busco/blem22_fun_meta/run_fungi_odb10/metaeuk_output/tmp/17775303010509190798/tmp_predict folder does not exist or is not a directory.
Create dir /home/zoo/zool2474/guy/blasto_pb/final/busco/blem22_fun_meta/run_fungi_odb10/metaeuk_output/tmp/17775303010509190798/tmp_predict
predictexons /home/zoo/zool2474/guy/blasto_pb/final/busco/blem22_fun_meta/run_fungi_odb10/metaeuk_output/tmp/17775303010509190798/contigs /home/zoo/zool2474/guy/blasto_pb/final/busco/blem22_fun_meta/run_fungi_odb10/metaeuk_output/tmp/17775303010509190798/targets /home/zoo/zool2474/guy/blasto_pb/final/busco/blem22_fun_meta/run_fungi_odb10/metaeuk_output/tmp/17775303010509190798/MetaEuk_calls /home/zoo/zool2474/guy/blasto_pb/final/busco/blem22_fun_meta/run_fungi_odb10/metaeuk_output/tmp/17775303010509190798/tmp_predict --sub-mat nucl:nucleotide.out,aa:blosum62.out -a 0 --alignment-mode 2 --wrapped-scoring 0 -e 100 --min-seq-id 0 --min-aln-len 0 --seq-id-mode 0 --alt-ali 0 -c 0 --cov-mode 0 --max-seq-len 70000 --comp-bias-corr 1 --max-rejected 2147483647 --max-accept 2147483647 --add-self-matches 0 --db-load-mode 0 --pca 1 --pcb 1.5 --score-bias 0 --realign 0 --realign-score-bias -0.2 --realign-max-seqs 2147483647 --gap-open nucl:5,aa:11 --gap-extend nucl:2,aa:1 --zdrop 40 --threads 112 --compressed 0 -v 3 --seed-sub-mat nucl:nucleotide.out,aa:VTML80.out -s 6 -k 0 --k-score 2147483647 --alph-size nucl:5,aa:21 --max-seqs 300 --split 0 --split-mode 2 --split-memory-limit 0 --diag-score 1 --exact-kmer-matching 0 --mask 1 --mask-lower-case 0 --min-ungapped-score 15 --spaced-kmer-mode 1 --rescore-mode 0 --filter-hits 0 --sort-results 0 --mask-profile 1 --e-profile 0.001 --wg 0 --allow-deletion 0 --filter-msa 1 --max-seq-id 0.9 --qid 0 --qsc -20 --cov 0 --diff 1000 --min-length 15 --max-length 32734 --max-gaps 2147483647 --contig-start-mode 2 --contig-end-mode 2 --orf-start-mode 1 --forward-frames 1,2,3 --reverse-frames 1,2,3 --translation-table 1 --translate 0 --use-all-table-starts 0 --id-offset 0 --create-lookup 0 --add-orf-stop 0 --chain-alignments 0 --merge-query 1 --search-type 0 --num-iterations 1 --start-sens 4 --sens-steps 1 --slice-search 0 --strand 1 --orf-filter 0 --orf-filter-e 100 --orf-filter-s 2 --lca-search 0 --disk-space-limit 0 --force-reuse 0 --remove-tmp-files 0 --metaeuk-eval 0.001 --metaeuk-tcov 0.5 --max-intron 60000 --min-intron 1 --min-exon-aa 5 --max-overlap 5 --set-gap-open -1 --set-gap-extend -1 --reverse-fragments 0 

extractorfs /home/zoo/zool2474/guy/blasto_pb/final/busco/blem22_fun_meta/run_fungi_odb10/metaeuk_output/tmp/17775303010509190798/contigs /home/zoo/zool2474/guy/blasto_pb/final/busco/blem22_fun_meta/run_fungi_odb10/metaeuk_output/tmp/17775303010509190798/tmp_predict/4340282079766977906/nucl_6f --min-length 15 --max-length 32734 --max-gaps 2147483647 --contig-start-mode 2 --contig-end-mode 2 --orf-start-mode 1 --forward-frames 1,2,3 --reverse-frames 1,2,3 --translation-table 1 --translate 0 --use-all-table-starts 0 --id-offset 0 --create-lookup 0 --threads 112 --compressed 0 -v 3 

[=================================================================] 21 0s 26ms
Time for merging to nucl_6f_h: 0h 0m 0s 115ms
Time for merging to nucl_6f: 0h 0m 0s 297ms
Time for processing: 0h 0m 1s 198ms
translatenucs /home/zoo/zool2474/guy/blasto_pb/final/busco/blem22_fun_meta/run_fungi_odb10/metaeuk_output/tmp/17775303010509190798/tmp_predict/4340282079766977906/nucl_6f /home/zoo/zool2474/guy/blasto_pb/final/busco/blem22_fun_meta/run_fungi_odb10/metaeuk_output/tmp/17775303010509190798/tmp_predict/4340282079766977906/aa_6f --translation-table 1 --add-orf-stop 0 -v 3 --compressed 0 --threads 112 

[=================================================================] 771.56K 0s 321ms
Time for merging to aa_6f: 0h 0m 0s 292ms
Time for processing: 0h 0m 0s 791ms
Tmp /home/zoo/zool2474/guy/blasto_pb/final/busco/blem22_fun_meta/run_fungi_odb10/metaeuk_output/tmp/17775303010509190798/tmp_predict/4340282079766977906/tmp_search folder does not exist or is not a directory.
Create dir /home/zoo/zool2474/guy/blasto_pb/final/busco/blem22_fun_meta/run_fungi_odb10/metaeuk_output/tmp/17775303010509190798/tmp_predict/4340282079766977906/tmp_search
search /home/zoo/zool2474/guy/blasto_pb/final/busco/blem22_fun_meta/run_fungi_odb10/metaeuk_output/tmp/17775303010509190798/tmp_predict/4340282079766977906/aa_6f /home/zoo/zool2474/guy/blasto_pb/final/busco/blem22_fun_meta/run_fungi_odb10/metaeuk_output/tmp/17775303010509190798/targets /home/zoo/zool2474/guy/blasto_pb/final/busco/blem22_fun_meta/run_fungi_odb10/metaeuk_output/tmp/17775303010509190798/tmp_predict/4340282079766977906/search_res /home/zoo/zool2474/guy/blasto_pb/final/busco/blem22_fun_meta/run_fungi_odb10/metaeuk_output/tmp/17775303010509190798/tmp_predict/4340282079766977906/tmp_search --sub-mat nucl:nucleotide.out,aa:blosum62.out -a 0 --alignment-mode 2 --wrapped-scoring 0 -e 100 --min-seq-id 0 --min-aln-len 5 --seq-id-mode 0 --alt-ali 0 -c 0 --cov-mode 0 --max-seq-len 70000 --comp-bias-corr 1 --max-rejected 2147483647 --max-accept 2147483647 --add-self-matches 0 --db-load-mode 0 --pca 1 --pcb 1.5 --score-bias 0 --realign 0 --realign-score-bias -0.2 --realign-max-seqs 2147483647 --gap-open nucl:5,aa:11 --gap-extend nucl:2,aa:1 --zdrop 40 --threads 112 --compressed 0 -v 3 --seed-sub-mat nucl:nucleotide.out,aa:VTML80.out -s 6 -k 0 --k-score 2147483647 --alph-size nucl:5,aa:21 --max-seqs 300 --split 0 --split-mode 2 --split-memory-limit 0 --diag-score 1 --exact-kmer-matching 0 --mask 1 --mask-lower-case 0 --min-ungapped-score 15 --spaced-kmer-mode 1 --rescore-mode 0 --filter-hits 0 --sort-results 0 --mask-profile 1 --e-profile 0.001 --wg 0 --allow-deletion 0 --filter-msa 1 --max-seq-id 0.9 --qid 0 --qsc -20 --cov 0 --diff 1000 --min-length 15 --max-length 32734 --max-gaps 2147483647 --contig-start-mode 2 --contig-end-mode 2 --orf-start-mode 1 --forward-frames 1,2,3 --reverse-frames 1,2,3 --translation-table 1 --translate 0 --use-all-table-starts 0 --id-offset 0 --create-lookup 0 --add-orf-stop 0 --chain-alignments 0 --merge-query 1 --search-type 0 --num-iterations 1 --start-sens 4 --sens-steps 1 --slice-search 0 --strand 1 --orf-filter 0 --orf-filter-e 100 --orf-filter-s 2 --lca-search 0 --disk-space-limit 0 --force-reuse 0 --remove-tmp-files 0 

prefilter /home/zoo/zool2474/guy/blasto_pb/final/busco/blem22_fun_meta/run_fungi_odb10/metaeuk_output/tmp/17775303010509190798/tmp_predict/4340282079766977906/aa_6f /home/zoo/zool2474/guy/blasto_pb/final/busco/blem22_fun_meta/run_fungi_odb10/metaeuk_output/tmp/17775303010509190798/targets /home/zoo/zool2474/guy/blasto_pb/final/busco/blem22_fun_meta/run_fungi_odb10/metaeuk_output/tmp/17775303010509190798/tmp_predict/4340282079766977906/tmp_search/17773352613593842694/pref_0 --sub-mat nucl:nucleotide.out,aa:blosum62.out --seed-sub-mat nucl:nucleotide.out,aa:VTML80.out -k 0 --k-score 2147483647 --alph-size nucl:5,aa:21 --max-seq-len 70000 --max-seqs 300 --split 0 --split-mode 2 --split-memory-limit 0 -c 0 --cov-mode 0 --comp-bias-corr 1 --diag-score 1 --exact-kmer-matching 0 --mask 1 --mask-lower-case 0 --min-ungapped-score 15 --add-self-matches 0 --spaced-kmer-mode 1 --db-load-mode 0 --pca 1 --pcb 1.5 --threads 112 --compressed 0 -v 3 -s 6.0 

Query database size: 771564 type: Aminoacid
Estimated memory consumption: 1005M
Target database size: 2849 type: Aminoacid
Index table k-mer threshold: 109 at k-mer size 6 
Index table: counting k-mers
[=================================================================] 2.85K 0s 37ms
Index table: Masked residues: 28961
Index table: fill
[=================================================================] 2.85K 0s 33ms
Index statistics
Entries:          1783640
DB size:          498 MB
Avg k-mer size:   0.027869
Top 10 k-mers
    ILDMGK	20
    TPQNEL	18
    LKAFAR	17
    IGGFVY	15
    GSDTLW	13
    ITLKNE	12
    ALAAGG	12
    LTKTSI	12
    ALLRRK	12
    DDDEPN	12
Time for index table init: 0h 0m 0s 858ms
Process prefiltering step 1 of 1

k-mer similarity threshold: 109
Starting prefiltering scores calculation (step 1 of 1)
Query db start 1 to 771564
Target db start 1 to 2849
[=================================================================] 771.56K 8s 775ms

205.496683 k-mers per position
370 DB matches per sequence
0 overflows
0 queries produce too many hits (truncated result)
2 sequences passed prefiltering per query sequence
1 median result list length
353821 sequences with 0 size result lists
Time for merging to pref_0: 0h 0m 0s 252ms
Time for processing: 0h 0m 10s 939ms
align /home/zoo/zool2474/guy/blasto_pb/final/busco/blem22_fun_meta/run_fungi_odb10/metaeuk_output/tmp/17775303010509190798/tmp_predict/4340282079766977906/aa_6f /home/zoo/zool2474/guy/blasto_pb/final/busco/blem22_fun_meta/run_fungi_odb10/metaeuk_output/tmp/17775303010509190798/targets /home/zoo/zool2474/guy/blasto_pb/final/busco/blem22_fun_meta/run_fungi_odb10/metaeuk_output/tmp/17775303010509190798/tmp_predict/4340282079766977906/tmp_search/17773352613593842694/pref_0 /home/zoo/zool2474/guy/blasto_pb/final/busco/blem22_fun_meta/run_fungi_odb10/metaeuk_output/tmp/17775303010509190798/tmp_predict/4340282079766977906/search_res --sub-mat nucl:nucleotide.out,aa:blosum62.out -a 0 --alignment-mode 2 --wrapped-scoring 0 -e 100 --min-seq-id 0 --min-aln-len 5 --seq-id-mode 0 --alt-ali 0 -c 0 --cov-mode 0 --max-seq-len 70000 --comp-bias-corr 1 --max-rejected 2147483647 --max-accept 2147483647 --add-self-matches 0 --db-load-mode 0 --pca 1 --pcb 1.5 --score-bias 0 --realign 0 --realign-score-bias -0.2 --realign-max-seqs 2147483647 --gap-open nucl:5,aa:11 --gap-extend nucl:2,aa:1 --zdrop 40 --threads 112 --compressed 0 -v 3 

Compute score and coverage
Query database size: 771564 type: Aminoacid
Target database size: 2849 type: Aminoacid
Calculation of alignments
[=================================================================] 771.56K 1s 860ms
Time for merging to search_res: 0h 0m 0s 252ms
1988676 alignments calculated
416234 sequence pairs passed the thresholds (0.209302 of overall calculated)
0.539468 hits per query sequence
Time for processing: 0h 0m 2s 474ms
resultspercontig /home/zoo/zool2474/guy/blasto_pb/final/busco/blem22_fun_meta/run_fungi_odb10/metaeuk_output/tmp/17775303010509190798/contigs /home/zoo/zool2474/guy/blasto_pb/final/busco/blem22_fun_meta/run_fungi_odb10/metaeuk_output/tmp/17775303010509190798/tmp_predict/4340282079766977906/nucl_6f /home/zoo/zool2474/guy/blasto_pb/final/busco/blem22_fun_meta/run_fungi_odb10/metaeuk_output/tmp/17775303010509190798/tmp_predict/4340282079766977906/search_res /home/zoo/zool2474/guy/blasto_pb/final/busco/blem22_fun_meta/run_fungi_odb10/metaeuk_output/tmp/17775303010509190798/tmp_predict/4340282079766977906/search_res_by_contig --threads 112 --compressed 0 -v 3 

Computing ORF lookup
Computing contig offsets
Computing contig lookup
Time for contig lookup: 0h 0m 0s 74ms
[=================================================================] 21 0s 644ms
Time for merging to search_res_by_contig: 0h 0m 0s 2ms
Time for processing: 0h 0m 1s 110ms
collectoptimalset /home/zoo/zool2474/guy/blasto_pb/final/busco/blem22_fun_meta/run_fungi_odb10/metaeuk_output/tmp/17775303010509190798/tmp_predict/4340282079766977906/search_res_by_contig /home/zoo/zool2474/guy/blasto_pb/final/busco/blem22_fun_meta/run_fungi_odb10/metaeuk_output/tmp/17775303010509190798/targets /home/zoo/zool2474/guy/blasto_pb/final/busco/blem22_fun_meta/run_fungi_odb10/metaeuk_output/tmp/17775303010509190798/tmp_predict/4340282079766977906/dp_predictions --metaeuk-eval 0.001 --metaeuk-tcov 0.5 --max-intron 60000 --min-intron 1 --min-exon-aa 5 --max-overlap 5 --set-gap-open -1 --set-gap-extend -1 --score-bias 0 --threads 112 --compressed 0 -v 3 

[=================================================================] 21 0s 247ms
Time for merging to dp_predictions: 0h 0m 0s 3ms
Time for processing: 0h 0m 0s 346ms
mvdb /home/zoo/zool2474/guy/blasto_pb/final/busco/blem22_fun_meta/run_fungi_odb10/metaeuk_output/tmp/17775303010509190798/tmp_predict/4340282079766977906/dp_predictions /home/zoo/zool2474/guy/blasto_pb/final/busco/blem22_fun_meta/run_fungi_odb10/metaeuk_output/tmp/17775303010509190798/MetaEuk_calls 

Time for processing: 0h 0m 0s 1ms
reduceredundancy /home/zoo/zool2474/guy/blasto_pb/final/busco/blem22_fun_meta/run_fungi_odb10/metaeuk_output/tmp/17775303010509190798/MetaEuk_calls /home/zoo/zool2474/guy/blasto_pb/final/busco/blem22_fun_meta/run_fungi_odb10/metaeuk_output/tmp/17775303010509190798/MetaEuk_preds /home/zoo/zool2474/guy/blasto_pb/final/busco/blem22_fun_meta/run_fungi_odb10/metaeuk_output/tmp/17775303010509190798/MetaEuk_preds_clust --overlap 1 --threads 112 --compressed 0 -v 3 

[=================================================================] 21 0s 26ms
Time for merging to MetaEuk_preds_clust: 0h 0m 0s 2ms
Time for merging to MetaEuk_preds: 0h 0m 0s 2ms
Time for processing: 0h 0m 0s 180ms
unitesetstofasta /home/zoo/zool2474/guy/blasto_pb/final/busco/blem22_fun_meta/run_fungi_odb10/metaeuk_output/tmp/17775303010509190798/contigs /home/zoo/zool2474/guy/blasto_pb/final/busco/blem22_fun_meta/run_fungi_odb10/metaeuk_output/tmp/17775303010509190798/targets /home/zoo/zool2474/guy/blasto_pb/final/busco/blem22_fun_meta/run_fungi_odb10/metaeuk_output/tmp/17775303010509190798/MetaEuk_preds /home/zoo/zool2474/guy/blasto_pb/final/busco/blem22_fun_meta/run_fungi_odb10/metaeuk_output/rerun_results/Blastocladiella_emersonii_ATCC_22665.scaffolds.fa --protein 0 --translation-table 1 --target-key 0 --threads 112 --compressed 0 -v 3 

[=================================================================] 21 0s 35ms
Time for merging to Blastocladiella_emersonii_ATCC_22665.scaffolds.fa.fas: 0h 0m 0s 4ms
Time for merging to Blastocladiella_emersonii_ATCC_22665.scaffolds.fa.codon.fas: 0h 0m 0s 3ms
Time for merging to Blastocladiella_emersonii_ATCC_22665.scaffolds.fa.headersMap.tsv: 0h 0m 0s 2ms
Time for processing: 0h 0m 0s 217ms
